<?xml version="1.0" encoding="UTF-8"?>
<!-- Generated by org.testng.reporters.JUnitXMLReporter -->
<testsuite ignored="8" hostname="CyberSec" failures="0" tests="7" name="Test1" time="0.424" errors="0" timestamp="2023-09-11T21:46:14 EDT">
  <testcase classname="testNG_day02.GroupingTests" name="EverTest" time="0.022"/>
  <testcase classname="testNG_day02.GroupingTests" name="GianTest" time="0.004"/>
  <testcase classname="testNG_day02.GroupingTests" name="alexTest" time="0.01"/>
  <testcase classname="testNG_day01.IgnoringTests" name="test1" time="0.016"/>
  <testcase classname="testNG_day01.RunningTestSample" name="test2" time="0.003"/>
  <testcase classname="testNG_day01.IgnoringTests" name="test3" time="0.013"/>
  <testcase classname="testNG_day01.PrioritizeTests" name="loginWithValidUsernameInvalidPassword" time="0.011"/>
  <testcase classname="testNG_day01.RunningTestSample" name="test1" time="0.0">
    <ignored/>
  </testcase> <!-- test1 -->
  <testcase classname="testNG_day01.IgnoringTests" name="test2" time="0.0">
    <ignored/>
  </testcase> <!-- test2 -->
  <testcase classname="testNG_day01.PrioritizeTests" name="loginWithValidUsernameValidPassword" time="0.0">
    <ignored/>
  </testcase> <!-- loginWithValidUsernameValidPassword -->
  <testcase classname="testNG_day01.PrioritizeTests" name="loginWithInvalidUsernameInvalidPassword" time="0.0">
    <ignored/>
  </testcase> <!-- loginWithInvalidUsernameInvalidPassword -->
  <testcase classname="testNG_day01.RunningTestSample" name="test3" time="0.0">
    <ignored/>
  </testcase> <!-- test3 -->
  <testcase classname="testNG_day01.PrioritizeTests" name="loginWithInvalidEmailFormat" time="0.0">
    <ignored/>
  </testcase> <!-- loginWithInvalidEmailFormat -->
  <testcase classname="testNG_day02.GroupingTests" name="shaffyTest" time="0.0">
    <ignored/>
  </testcase> <!-- shaffyTest -->
  <testcase classname="testNG_day02.GroupingTests" name="anotherBoringMethod" time="0.0">
    <ignored/>
  </testcase> <!-- anotherBoringMethod -->
</testsuite> <!-- Test1 -->
